f:\visual-studio-liushiyin\gamemapediter\gamemapediter\release\gamemapediter.pch
f:\visual-studio-liushiyin\gamemapediter\gamemapediter\release\vc141.pdb
f:\visual-studio-liushiyin\gamemapediter\gamemapediter\release\stdafx.obj
f:\visual-studio-liushiyin\gamemapediter\gamemapediter\release\tool.obj
f:\visual-studio-liushiyin\gamemapediter\gamemapediter\release\gamemapediter.obj
f:\visual-studio-liushiyin\gamemapediter\gamemapediter\release\cselectrowrank.obj
f:\visual-studio-liushiyin\gamemapediter\gamemapediter\release\cmapediter.obj
f:\visual-studio-liushiyin\gamemapediter\gamemapediter\release\ciddialogbase.obj
f:\visual-studio-liushiyin\gamemapediter\release\gamemapediter.ipdb
f:\visual-studio-liushiyin\gamemapediter\release\gamemapediter.iobj
f:\visual-studio-liushiyin\gamemapediter\gamemapediter\release\gamemapediter.res
f:\visual-studio-liushiyin\gamemapediter\release\gamemapediter.pdb
f:\visual-studio-liushiyin\gamemapediter\gamemapediter\release\gamemapediter.tlog\cl.command.1.tlog
f:\visual-studio-liushiyin\gamemapediter\gamemapediter\release\gamemapediter.tlog\cl.read.1.tlog
f:\visual-studio-liushiyin\gamemapediter\gamemapediter\release\gamemapediter.tlog\cl.write.1.tlog
f:\visual-studio-liushiyin\gamemapediter\gamemapediter\release\gamemapediter.tlog\gamemapediter.write.1u.tlog
f:\visual-studio-liushiyin\gamemapediter\gamemapediter\release\gamemapediter.tlog\link.command.1.tlog
f:\visual-studio-liushiyin\gamemapediter\gamemapediter\release\gamemapediter.tlog\link.read.1.tlog
f:\visual-studio-liushiyin\gamemapediter\gamemapediter\release\gamemapediter.tlog\link.write.1.tlog
f:\visual-studio-liushiyin\gamemapediter\gamemapediter\release\gamemapediter.tlog\rc.command.1.tlog
f:\visual-studio-liushiyin\gamemapediter\gamemapediter\release\gamemapediter.tlog\rc.read.1.tlog
f:\visual-studio-liushiyin\gamemapediter\gamemapediter\release\gamemapediter.tlog\rc.write.1.tlog
