f:\visual-studio-liushiyin\gamemapediter\gamemapediter\debug\gamemapediter.pch
f:\visual-studio-liushiyin\gamemapediter\gamemapediter\debug\vc141.pdb
f:\visual-studio-liushiyin\gamemapediter\gamemapediter\debug\vc141.idb
f:\visual-studio-liushiyin\gamemapediter\gamemapediter\debug\stdafx.obj
f:\visual-studio-liushiyin\gamemapediter\gamemapediter\debug\ciddialogbase.obj
f:\visual-studio-liushiyin\gamemapediter\gamemapediter\debug\cmapediter.obj
f:\visual-studio-liushiyin\gamemapediter\gamemapediter\debug\cselectrowrank.obj
f:\visual-studio-liushiyin\gamemapediter\gamemapediter\debug\gamemapediter.obj
f:\visual-studio-liushiyin\gamemapediter\gamemapediter\debug\tool.obj
f:\visual-studio-liushiyin\gamemapediter\debug\gamemapediter.ilk
f:\visual-studio-liushiyin\gamemapediter\debug\gamemapediter.exe
f:\visual-studio-liushiyin\gamemapediter\debug\gamemapediter.pdb
f:\visual-studio-liushiyin\gamemapediter\gamemapediter\debug\gamemapediter.res
f:\visual-studio-liushiyin\gamemapediter\gamemapediter\debug\gamemapediter.tlog\cl.command.1.tlog
f:\visual-studio-liushiyin\gamemapediter\gamemapediter\debug\gamemapediter.tlog\cl.read.1.tlog
f:\visual-studio-liushiyin\gamemapediter\gamemapediter\debug\gamemapediter.tlog\cl.write.1.tlog
f:\visual-studio-liushiyin\gamemapediter\gamemapediter\debug\gamemapediter.tlog\link.command.1.tlog
f:\visual-studio-liushiyin\gamemapediter\gamemapediter\debug\gamemapediter.tlog\link.read.1.tlog
f:\visual-studio-liushiyin\gamemapediter\gamemapediter\debug\gamemapediter.tlog\link.write.1.tlog
f:\visual-studio-liushiyin\gamemapediter\gamemapediter\debug\gamemapediter.tlog\rc.command.1.tlog
f:\visual-studio-liushiyin\gamemapediter\gamemapediter\debug\gamemapediter.tlog\rc.read.1.tlog
f:\visual-studio-liushiyin\gamemapediter\gamemapediter\debug\gamemapediter.tlog\rc.write.1.tlog
